<?xml version="1.0" encoding="UTF-8"?>
<!-- Generated by org.testng.reporters.JUnitXMLReporter -->
<testsuite ignored="1" hostname="Collaberas-MacBook-Pro.local" failures="0" tests="1" name="Demonstrating Skip" time="0.051" errors="0" timestamp="2023-04-19T11:24:21 PST">
  <testcase classname="TestNG_Exercise.TestNG_Skip" name="Test2" time="0.01"/>
  <testcase classname="TestNG_Exercise.TestNG_Skip" name="Test1" time="0.0">
    <ignored/>
  </testcase> <!-- Test1 -->
</testsuite> <!-- Demonstrating Skip -->
