<?xml version="1.0" encoding="UTF-8"?>
<!-- Generated by org.testng.reporters.JUnitXMLReporter -->
<testsuite ignored="0" hostname="Collaberas-MacBook-Pro.local" failures="0" tests="3" name="Demonstrating Dependency" time="0.065" errors="0" timestamp="2023-04-19T11:29:55 PST">
  <testcase classname="TestNG_Exercise.TestNG_Dependency" name="testOne" time="0.014"/>
  <testcase classname="TestNG_Exercise.TestNG_Dependency" name="testTwo" time="0.003"/>
  <testcase classname="TestNG_Exercise.TestNG_Dependency" name="testThree" time="0.001"/>
</testsuite> <!-- Demonstrating Dependency -->
