<?xml version="1.0" encoding="UTF-8"?>
<!-- Generated by org.testng.reporters.JUnitXMLReporter -->
<testsuite ignored="0" hostname="Collaberas-MacBook-Pro.local" failures="0" tests="4" name="Demonstrating Dataproviders" time="0.098" errors="0" timestamp="2023-04-19T11:39:34 PST">
  <testcase classname="TestNG_Exercise.TestNG_Dataproviders" name="testAddition" time="0.031"/>
  <testcase classname="TestNG_Exercise.TestNG_Dataproviders" name="testAddition" time="0.002"/>
  <testcase classname="TestNG_Exercise.TestNG_Dataproviders" name="testAddition" time="0.001"/>
  <testcase classname="TestNG_Exercise.TestNG_Dataproviders" name="testAddition" time="0.003"/>
</testsuite> <!-- Demonstrating Dataproviders -->
